Compiling the CXX compiler identification source file "CMakeCXXCompilerId.cpp" failed.
Compiler: /usr/bin/c++ 
Build flags: {CMAKE_CXX_FLAGS};-std=c++14
Id flags:  

The output was:
1
/usr/bin/ld: cannot find {CMAKE_CXX_FLAGS}: No such file or directory
collect2: error: ld returned 1 exit status


Compiling the CXX compiler identification source file "CMakeCXXCompilerId.cpp" failed.
Compiler: /usr/bin/c++ 
Build flags: {CMAKE_CXX_FLAGS};-std=c++14
Id flags: -c 

The output was:
1
c++: warning: {CMAKE_CXX_FLAGS}: linker input file unused because linking not done
c++: error: {CMAKE_CXX_FLAGS}: linker input file not found: No such file or directory


Compiling the CXX compiler identification source file "CMakeCXXCompilerId.cpp" failed.
Compiler: /usr/bin/c++ 
Build flags: {CMAKE_CXX_FLAGS};-std=c++14
Id flags: --c++ 

The output was:
1
c++: error: unrecognized command-line option ‘--c++’


Compiling the CXX compiler identification source file "CMakeCXXCompilerId.cpp" failed.
Compiler: /usr/bin/c++ 
Build flags: {CMAKE_CXX_FLAGS};-std=c++14
Id flags: --ec++ 

The output was:
1
c++: error: unrecognized command-line option ‘--ec++’; did you mean ‘-Weffc++’?


Compiling the CXX compiler identification source file "CMakeCXXCompilerId.cpp" failed.
Compiler: /usr/bin/c++ 
Build flags: {CMAKE_CXX_FLAGS};-std=c++14
Id flags: --target=arm-arm-none-eabi;-mcpu=cortex-m3 

The output was:
1
c++: warning: ‘-mcpu=’ is deprecated; use ‘-mtune=’ or ‘-march=’ instead
c++: error: unrecognized command-line option ‘--target=arm-arm-none-eabi’


Compiling the CXX compiler identification source file "CMakeCXXCompilerId.cpp" failed.
Compiler: /usr/bin/c++ 
Build flags: {CMAKE_CXX_FLAGS};-std=c++14
Id flags: -c;-I__does_not_exist__ 

The output was:
1
c++: warning: {CMAKE_CXX_FLAGS}: linker input file unused because linking not done
c++: error: {CMAKE_CXX_FLAGS}: linker input file not found: No such file or directory


Detecting CXX compiler ABI info failed to compile with the following output:
Change Dir: /home/rchintal/Raj_Workspace/mycppproject/CppProject/CMakeFiles/CMakeTmp

Run Build Command(s):/usr/bin/gmake -f Makefile cmTC_f6609/fast && /usr/bin/gmake  -f CMakeFiles/cmTC_f6609.dir/build.make CMakeFiles/cmTC_f6609.dir/build
gmake[1]: Entering directory '/home/rchintal/Raj_Workspace/mycppproject/CppProject/CMakeFiles/CMakeTmp'
Building CXX object CMakeFiles/cmTC_f6609.dir/CMakeCXXCompilerABI.cpp.o
/usr/bin/c++   {CMAKE_CXX_FLAGS} -std=c++14    -v -o CMakeFiles/cmTC_f6609.dir/CMakeCXXCompilerABI.cpp.o -c /usr/share/cmake-3.22/Modules/CMakeCXXCompilerABI.cpp
Using built-in specs.
COLLECT_GCC=/usr/bin/c++
OFFLOAD_TARGET_NAMES=nvptx-none:amdgcn-amdhsa
OFFLOAD_TARGET_DEFAULT=1
Target: x86_64-linux-gnu
Configured with: ../src/configure -v --with-pkgversion='Ubuntu 11.2.0-19ubuntu1' --with-bugurl=file:///usr/share/doc/gcc-11/README.Bugs --enable-languages=c,ada,c++,go,brig,d,fortran,objc,obj-c++,m2 --prefix=/usr --with-gcc-major-version-only --program-suffix=-11 --program-prefix=x86_64-linux-gnu- --enable-shared --enable-linker-build-id --libexecdir=/usr/lib --without-included-gettext --enable-threads=posix --libdir=/usr/lib --enable-nls --enable-bootstrap --enable-clocale=gnu --enable-libstdcxx-debug --enable-libstdcxx-time=yes --with-default-libstdcxx-abi=new --enable-gnu-unique-object --disable-vtable-verify --enable-plugin --enable-default-pie --with-system-zlib --enable-libphobos-checking=release --with-target-system-zlib=auto --enable-objc-gc=auto --enable-multiarch --disable-werror --enable-cet --with-arch-32=i686 --with-abi=m64 --with-multilib-list=m32,m64,mx32 --enable-multilib --with-tune=generic --enable-offload-targets=nvptx-none=/build/gcc-11-gBFGDP/gcc-11-11.2.0/debian/tmp-nvptx/usr,amdgcn-amdhsa=/build/gcc-11-gBFGDP/gcc-11-11.2.0/debian/tmp-gcn/usr --without-cuda-driver --enable-checking=release --build=x86_64-linux-gnu --host=x86_64-linux-gnu --target=x86_64-linux-gnu --with-build-config=bootstrap-lto-lean --enable-link-serialization=2
Thread model: posix
Supported LTO compression algorithms: zlib zstd
gcc version 11.2.0 (Ubuntu 11.2.0-19ubuntu1) 
COLLECT_GCC_OPTIONS='-std=c++14' '-v' '-o' 'CMakeFiles/cmTC_f6609.dir/CMakeCXXCompilerABI.cpp.o' '-c' '-shared-libgcc' '-mtune=generic' '-march=x86-64' '-dumpdir' 'CMakeFiles/cmTC_f6609.dir/'
 /usr/lib/gcc/x86_64-linux-gnu/11/cc1plus -quiet -v -imultiarch x86_64-linux-gnu -D_GNU_SOURCE /usr/share/cmake-3.22/Modules/CMakeCXXCompilerABI.cpp -quiet -dumpdir CMakeFiles/cmTC_f6609.dir/ -dumpbase CMakeCXXCompilerABI.cpp.cpp -dumpbase-ext .cpp -mtune=generic -march=x86-64 -std=c++14 -version -fasynchronous-unwind-tables -fstack-protector-strong -Wformat -Wformat-security -fstack-clash-protection -fcf-protection -o /tmp/ccJn2QeR.s
GNU C++14 (Ubuntu 11.2.0-19ubuntu1) version 11.2.0 (x86_64-linux-gnu)
	compiled by GNU C version 11.2.0, GMP version 6.2.1, MPFR version 4.1.0, MPC version 1.2.1, isl version isl-0.24-GMP

GGC heuristics: --param ggc-min-expand=100 --param ggc-min-heapsize=131072
ignoring duplicate directory "/usr/include/x86_64-linux-gnu/c++/11"
ignoring nonexistent directory "/usr/local/include/x86_64-linux-gnu"
ignoring nonexistent directory "/usr/lib/gcc/x86_64-linux-gnu/11/include-fixed"
ignoring nonexistent directory "/usr/lib/gcc/x86_64-linux-gnu/11/../../../../x86_64-linux-gnu/include"
#include "..." search starts here:
#include <...> search starts here:
 /usr/include/c++/11
 /usr/include/x86_64-linux-gnu/c++/11
 /usr/include/c++/11/backward
 /usr/lib/gcc/x86_64-linux-gnu/11/include
 /usr/local/include
 /usr/include/x86_64-linux-gnu
 /usr/include
End of search list.
GNU C++14 (Ubuntu 11.2.0-19ubuntu1) version 11.2.0 (x86_64-linux-gnu)
	compiled by GNU C version 11.2.0, GMP version 6.2.1, MPFR version 4.1.0, MPC version 1.2.1, isl version isl-0.24-GMP

GGC heuristics: --param ggc-min-expand=100 --param ggc-min-heapsize=131072
Compiler executable checksum: 619370d92bf6efc3023abfa7394da0c1
COLLECT_GCC_OPTIONS='-std=c++14' '-v' '-o' 'CMakeFiles/cmTC_f6609.dir/CMakeCXXCompilerABI.cpp.o' '-c' '-shared-libgcc' '-mtune=generic' '-march=x86-64' '-dumpdir' 'CMakeFiles/cmTC_f6609.dir/'
 as -v --64 -o CMakeFiles/cmTC_f6609.dir/CMakeCXXCompilerABI.cpp.o /tmp/ccJn2QeR.s
GNU assembler version 2.38 (x86_64-linux-gnu) using BFD version (GNU Binutils for Ubuntu) 2.38
COMPILER_PATH=/usr/lib/gcc/x86_64-linux-gnu/11/:/usr/lib/gcc/x86_64-linux-gnu/11/:/usr/lib/gcc/x86_64-linux-gnu/:/usr/lib/gcc/x86_64-linux-gnu/11/:/usr/lib/gcc/x86_64-linux-gnu/
LIBRARY_PATH=/usr/lib/gcc/x86_64-linux-gnu/11/:/usr/lib/gcc/x86_64-linux-gnu/11/../../../x86_64-linux-gnu/:/usr/lib/gcc/x86_64-linux-gnu/11/../../../../lib/:/lib/x86_64-linux-gnu/:/lib/../lib/:/usr/lib/x86_64-linux-gnu/:/usr/lib/../lib/:/usr/lib/gcc/x86_64-linux-gnu/11/../../../:/lib/:/usr/lib/
COLLECT_GCC_OPTIONS='-std=c++14' '-v' '-o' 'CMakeFiles/cmTC_f6609.dir/CMakeCXXCompilerABI.cpp.o' '-c' '-shared-libgcc' '-mtune=generic' '-march=x86-64' '-dumpdir' 'CMakeFiles/cmTC_f6609.dir/CMakeCXXCompilerABI.cpp.'
c++: warning: {CMAKE_CXX_FLAGS}: linker input file unused because linking not done
c++: error: {CMAKE_CXX_FLAGS}: linker input file not found: No such file or directory
gmake[1]: *** [CMakeFiles/cmTC_f6609.dir/build.make:78: CMakeFiles/cmTC_f6609.dir/CMakeCXXCompilerABI.cpp.o] Error 1
gmake[1]: *** Deleting file 'CMakeFiles/cmTC_f6609.dir/CMakeCXXCompilerABI.cpp.o'
gmake[1]: Leaving directory '/home/rchintal/Raj_Workspace/mycppproject/CppProject/CMakeFiles/CMakeTmp'
gmake: *** [Makefile:127: cmTC_f6609/fast] Error 2




Determining if the CXX compiler works failed with the following output:
Change Dir: /home/rchintal/Raj_Workspace/mycppproject/CppProject/CMakeFiles/CMakeTmp

Run Build Command(s):/usr/bin/gmake -f Makefile cmTC_2e0b7/fast && /usr/bin/gmake  -f CMakeFiles/cmTC_2e0b7.dir/build.make CMakeFiles/cmTC_2e0b7.dir/build
gmake[1]: Entering directory '/home/rchintal/Raj_Workspace/mycppproject/CppProject/CMakeFiles/CMakeTmp'
Building CXX object CMakeFiles/cmTC_2e0b7.dir/testCXXCompiler.cxx.o
/usr/bin/c++   {CMAKE_CXX_FLAGS} -std=c++14  -o CMakeFiles/cmTC_2e0b7.dir/testCXXCompiler.cxx.o -c /home/rchintal/Raj_Workspace/mycppproject/CppProject/CMakeFiles/CMakeTmp/testCXXCompiler.cxx
c++: warning: {CMAKE_CXX_FLAGS}: linker input file unused because linking not done
c++: error: {CMAKE_CXX_FLAGS}: linker input file not found: No such file or directory
gmake[1]: *** [CMakeFiles/cmTC_2e0b7.dir/build.make:78: CMakeFiles/cmTC_2e0b7.dir/testCXXCompiler.cxx.o] Error 1
gmake[1]: *** Deleting file 'CMakeFiles/cmTC_2e0b7.dir/testCXXCompiler.cxx.o'
gmake[1]: Leaving directory '/home/rchintal/Raj_Workspace/mycppproject/CppProject/CMakeFiles/CMakeTmp'
gmake: *** [Makefile:127: cmTC_2e0b7/fast] Error 2



Compiling the CXX compiler identification source file "CMakeCXXCompilerId.cpp" failed.
Compiler: /usr/bin/c++ 
Build flags: {CMAKE_CXX_FLAGS};-std=c++11
Id flags:  

The output was:
1
/usr/bin/ld: cannot find {CMAKE_CXX_FLAGS}: No such file or directory
collect2: error: ld returned 1 exit status


Compiling the CXX compiler identification source file "CMakeCXXCompilerId.cpp" failed.
Compiler: /usr/bin/c++ 
Build flags: {CMAKE_CXX_FLAGS};-std=c++11
Id flags: -c 

The output was:
1
c++: warning: {CMAKE_CXX_FLAGS}: linker input file unused because linking not done
c++: error: {CMAKE_CXX_FLAGS}: linker input file not found: No such file or directory


Compiling the CXX compiler identification source file "CMakeCXXCompilerId.cpp" failed.
Compiler: /usr/bin/c++ 
Build flags: {CMAKE_CXX_FLAGS};-std=c++11
Id flags: --c++ 

The output was:
1
c++: error: unrecognized command-line option ‘--c++’


Compiling the CXX compiler identification source file "CMakeCXXCompilerId.cpp" failed.
Compiler: /usr/bin/c++ 
Build flags: {CMAKE_CXX_FLAGS};-std=c++11
Id flags: --ec++ 

The output was:
1
c++: error: unrecognized command-line option ‘--ec++’; did you mean ‘-Weffc++’?


Compiling the CXX compiler identification source file "CMakeCXXCompilerId.cpp" failed.
Compiler: /usr/bin/c++ 
Build flags: {CMAKE_CXX_FLAGS};-std=c++11
Id flags: --target=arm-arm-none-eabi;-mcpu=cortex-m3 

The output was:
1
c++: warning: ‘-mcpu=’ is deprecated; use ‘-mtune=’ or ‘-march=’ instead
c++: error: unrecognized command-line option ‘--target=arm-arm-none-eabi’


Compiling the CXX compiler identification source file "CMakeCXXCompilerId.cpp" failed.
Compiler: /usr/bin/c++ 
Build flags: {CMAKE_CXX_FLAGS};-std=c++11
Id flags: -c;-I__does_not_exist__ 

The output was:
1
c++: warning: {CMAKE_CXX_FLAGS}: linker input file unused because linking not done
c++: error: {CMAKE_CXX_FLAGS}: linker input file not found: No such file or directory


Detecting CXX compiler ABI info failed to compile with the following output:
Change Dir: /home/rchintal/Raj_Workspace/mycppproject/CppProject/CMakeFiles/CMakeTmp

Run Build Command(s):/usr/bin/gmake -f Makefile cmTC_ec54b/fast && /usr/bin/gmake  -f CMakeFiles/cmTC_ec54b.dir/build.make CMakeFiles/cmTC_ec54b.dir/build
gmake[1]: Entering directory '/home/rchintal/Raj_Workspace/mycppproject/CppProject/CMakeFiles/CMakeTmp'
Building CXX object CMakeFiles/cmTC_ec54b.dir/CMakeCXXCompilerABI.cpp.o
/usr/bin/c++   {CMAKE_CXX_FLAGS} -std=c++11    -v -o CMakeFiles/cmTC_ec54b.dir/CMakeCXXCompilerABI.cpp.o -c /usr/share/cmake-3.22/Modules/CMakeCXXCompilerABI.cpp
Using built-in specs.
COLLECT_GCC=/usr/bin/c++
OFFLOAD_TARGET_NAMES=nvptx-none:amdgcn-amdhsa
OFFLOAD_TARGET_DEFAULT=1
Target: x86_64-linux-gnu
Configured with: ../src/configure -v --with-pkgversion='Ubuntu 11.2.0-19ubuntu1' --with-bugurl=file:///usr/share/doc/gcc-11/README.Bugs --enable-languages=c,ada,c++,go,brig,d,fortran,objc,obj-c++,m2 --prefix=/usr --with-gcc-major-version-only --program-suffix=-11 --program-prefix=x86_64-linux-gnu- --enable-shared --enable-linker-build-id --libexecdir=/usr/lib --without-included-gettext --enable-threads=posix --libdir=/usr/lib --enable-nls --enable-bootstrap --enable-clocale=gnu --enable-libstdcxx-debug --enable-libstdcxx-time=yes --with-default-libstdcxx-abi=new --enable-gnu-unique-object --disable-vtable-verify --enable-plugin --enable-default-pie --with-system-zlib --enable-libphobos-checking=release --with-target-system-zlib=auto --enable-objc-gc=auto --enable-multiarch --disable-werror --enable-cet --with-arch-32=i686 --with-abi=m64 --with-multilib-list=m32,m64,mx32 --enable-multilib --with-tune=generic --enable-offload-targets=nvptx-none=/build/gcc-11-gBFGDP/gcc-11-11.2.0/debian/tmp-nvptx/usr,amdgcn-amdhsa=/build/gcc-11-gBFGDP/gcc-11-11.2.0/debian/tmp-gcn/usr --without-cuda-driver --enable-checking=release --build=x86_64-linux-gnu --host=x86_64-linux-gnu --target=x86_64-linux-gnu --with-build-config=bootstrap-lto-lean --enable-link-serialization=2
Thread model: posix
Supported LTO compression algorithms: zlib zstd
gcc version 11.2.0 (Ubuntu 11.2.0-19ubuntu1) 
COLLECT_GCC_OPTIONS='-std=c++11' '-v' '-o' 'CMakeFiles/cmTC_ec54b.dir/CMakeCXXCompilerABI.cpp.o' '-c' '-shared-libgcc' '-mtune=generic' '-march=x86-64' '-dumpdir' 'CMakeFiles/cmTC_ec54b.dir/'
 /usr/lib/gcc/x86_64-linux-gnu/11/cc1plus -quiet -v -imultiarch x86_64-linux-gnu -D_GNU_SOURCE /usr/share/cmake-3.22/Modules/CMakeCXXCompilerABI.cpp -quiet -dumpdir CMakeFiles/cmTC_ec54b.dir/ -dumpbase CMakeCXXCompilerABI.cpp.cpp -dumpbase-ext .cpp -mtune=generic -march=x86-64 -std=c++11 -version -fasynchronous-unwind-tables -fstack-protector-strong -Wformat -Wformat-security -fstack-clash-protection -fcf-protection -o /tmp/ccXQLt0H.s
GNU C++11 (Ubuntu 11.2.0-19ubuntu1) version 11.2.0 (x86_64-linux-gnu)
	compiled by GNU C version 11.2.0, GMP version 6.2.1, MPFR version 4.1.0, MPC version 1.2.1, isl version isl-0.24-GMP

GGC heuristics: --param ggc-min-expand=100 --param ggc-min-heapsize=131072
ignoring duplicate directory "/usr/include/x86_64-linux-gnu/c++/11"
ignoring nonexistent directory "/usr/local/include/x86_64-linux-gnu"
ignoring nonexistent directory "/usr/lib/gcc/x86_64-linux-gnu/11/include-fixed"
ignoring nonexistent directory "/usr/lib/gcc/x86_64-linux-gnu/11/../../../../x86_64-linux-gnu/include"
#include "..." search starts here:
#include <...> search starts here:
 /usr/include/c++/11
 /usr/include/x86_64-linux-gnu/c++/11
 /usr/include/c++/11/backward
 /usr/lib/gcc/x86_64-linux-gnu/11/include
 /usr/local/include
 /usr/include/x86_64-linux-gnu
 /usr/include
End of search list.
GNU C++11 (Ubuntu 11.2.0-19ubuntu1) version 11.2.0 (x86_64-linux-gnu)
	compiled by GNU C version 11.2.0, GMP version 6.2.1, MPFR version 4.1.0, MPC version 1.2.1, isl version isl-0.24-GMP

GGC heuristics: --param ggc-min-expand=100 --param ggc-min-heapsize=131072
Compiler executable checksum: 619370d92bf6efc3023abfa7394da0c1
COLLECT_GCC_OPTIONS='-std=c++11' '-v' '-o' 'CMakeFiles/cmTC_ec54b.dir/CMakeCXXCompilerABI.cpp.o' '-c' '-shared-libgcc' '-mtune=generic' '-march=x86-64' '-dumpdir' 'CMakeFiles/cmTC_ec54b.dir/'
 as -v --64 -o CMakeFiles/cmTC_ec54b.dir/CMakeCXXCompilerABI.cpp.o /tmp/ccXQLt0H.s
GNU assembler version 2.38 (x86_64-linux-gnu) using BFD version (GNU Binutils for Ubuntu) 2.38
COMPILER_PATH=/usr/lib/gcc/x86_64-linux-gnu/11/:/usr/lib/gcc/x86_64-linux-gnu/11/:/usr/lib/gcc/x86_64-linux-gnu/:/usr/lib/gcc/x86_64-linux-gnu/11/:/usr/lib/gcc/x86_64-linux-gnu/
LIBRARY_PATH=/usr/lib/gcc/x86_64-linux-gnu/11/:/usr/lib/gcc/x86_64-linux-gnu/11/../../../x86_64-linux-gnu/:/usr/lib/gcc/x86_64-linux-gnu/11/../../../../lib/:/lib/x86_64-linux-gnu/:/lib/../lib/:/usr/lib/x86_64-linux-gnu/:/usr/lib/../lib/:/usr/lib/gcc/x86_64-linux-gnu/11/../../../:/lib/:/usr/lib/
COLLECT_GCC_OPTIONS='-std=c++11' '-v' '-o' 'CMakeFiles/cmTC_ec54b.dir/CMakeCXXCompilerABI.cpp.o' '-c' '-shared-libgcc' '-mtune=generic' '-march=x86-64' '-dumpdir' 'CMakeFiles/cmTC_ec54b.dir/CMakeCXXCompilerABI.cpp.'
c++: warning: {CMAKE_CXX_FLAGS}: linker input file unused because linking not done
c++: error: {CMAKE_CXX_FLAGS}: linker input file not found: No such file or directory
gmake[1]: *** [CMakeFiles/cmTC_ec54b.dir/build.make:78: CMakeFiles/cmTC_ec54b.dir/CMakeCXXCompilerABI.cpp.o] Error 1
gmake[1]: *** Deleting file 'CMakeFiles/cmTC_ec54b.dir/CMakeCXXCompilerABI.cpp.o'
gmake[1]: Leaving directory '/home/rchintal/Raj_Workspace/mycppproject/CppProject/CMakeFiles/CMakeTmp'
gmake: *** [Makefile:127: cmTC_ec54b/fast] Error 2




Determining if the CXX compiler works failed with the following output:
Change Dir: /home/rchintal/Raj_Workspace/mycppproject/CppProject/CMakeFiles/CMakeTmp

Run Build Command(s):/usr/bin/gmake -f Makefile cmTC_126b3/fast && /usr/bin/gmake  -f CMakeFiles/cmTC_126b3.dir/build.make CMakeFiles/cmTC_126b3.dir/build
gmake[1]: Entering directory '/home/rchintal/Raj_Workspace/mycppproject/CppProject/CMakeFiles/CMakeTmp'
Building CXX object CMakeFiles/cmTC_126b3.dir/testCXXCompiler.cxx.o
/usr/bin/c++   {CMAKE_CXX_FLAGS} -std=c++11  -o CMakeFiles/cmTC_126b3.dir/testCXXCompiler.cxx.o -c /home/rchintal/Raj_Workspace/mycppproject/CppProject/CMakeFiles/CMakeTmp/testCXXCompiler.cxx
c++: warning: {CMAKE_CXX_FLAGS}: linker input file unused because linking not done
c++: error: {CMAKE_CXX_FLAGS}: linker input file not found: No such file or directory
gmake[1]: *** [CMakeFiles/cmTC_126b3.dir/build.make:78: CMakeFiles/cmTC_126b3.dir/testCXXCompiler.cxx.o] Error 1
gmake[1]: *** Deleting file 'CMakeFiles/cmTC_126b3.dir/testCXXCompiler.cxx.o'
gmake[1]: Leaving directory '/home/rchintal/Raj_Workspace/mycppproject/CppProject/CMakeFiles/CMakeTmp'
gmake: *** [Makefile:127: cmTC_126b3/fast] Error 2



Compiling the CXX compiler identification source file "CMakeCXXCompilerId.cpp" failed.
Compiler: /usr/bin/c++ 
Build flags: {CMAKE_CXX_FLAGS};-std=c++11
Id flags:  

The output was:
1
/usr/bin/ld: cannot find {CMAKE_CXX_FLAGS}: No such file or directory
collect2: error: ld returned 1 exit status


Compiling the CXX compiler identification source file "CMakeCXXCompilerId.cpp" failed.
Compiler: /usr/bin/c++ 
Build flags: {CMAKE_CXX_FLAGS};-std=c++11
Id flags: -c 

The output was:
1
c++: warning: {CMAKE_CXX_FLAGS}: linker input file unused because linking not done
c++: error: {CMAKE_CXX_FLAGS}: linker input file not found: No such file or directory


Compiling the CXX compiler identification source file "CMakeCXXCompilerId.cpp" failed.
Compiler: /usr/bin/c++ 
Build flags: {CMAKE_CXX_FLAGS};-std=c++11
Id flags: --c++ 

The output was:
1
c++: error: unrecognized command-line option ‘--c++’


Compiling the CXX compiler identification source file "CMakeCXXCompilerId.cpp" failed.
Compiler: /usr/bin/c++ 
Build flags: {CMAKE_CXX_FLAGS};-std=c++11
Id flags: --ec++ 

The output was:
1
c++: error: unrecognized command-line option ‘--ec++’; did you mean ‘-Weffc++’?


Compiling the CXX compiler identification source file "CMakeCXXCompilerId.cpp" failed.
Compiler: /usr/bin/c++ 
Build flags: {CMAKE_CXX_FLAGS};-std=c++11
Id flags: --target=arm-arm-none-eabi;-mcpu=cortex-m3 

The output was:
1
c++: warning: ‘-mcpu=’ is deprecated; use ‘-mtune=’ or ‘-march=’ instead
c++: error: unrecognized command-line option ‘--target=arm-arm-none-eabi’


Compiling the CXX compiler identification source file "CMakeCXXCompilerId.cpp" failed.
Compiler: /usr/bin/c++ 
Build flags: {CMAKE_CXX_FLAGS};-std=c++11
Id flags: -c;-I__does_not_exist__ 

The output was:
1
c++: warning: {CMAKE_CXX_FLAGS}: linker input file unused because linking not done
c++: error: {CMAKE_CXX_FLAGS}: linker input file not found: No such file or directory


Detecting CXX compiler ABI info failed to compile with the following output:
Change Dir: /home/rchintal/Raj_Workspace/mycppproject/CppProject/CMakeFiles/CMakeTmp

Run Build Command(s):/usr/bin/gmake -f Makefile cmTC_e79d6/fast && /usr/bin/gmake  -f CMakeFiles/cmTC_e79d6.dir/build.make CMakeFiles/cmTC_e79d6.dir/build
gmake[1]: Entering directory '/home/rchintal/Raj_Workspace/mycppproject/CppProject/CMakeFiles/CMakeTmp'
Building CXX object CMakeFiles/cmTC_e79d6.dir/CMakeCXXCompilerABI.cpp.o
/usr/bin/c++   {CMAKE_CXX_FLAGS} -std=c++11    -v -o CMakeFiles/cmTC_e79d6.dir/CMakeCXXCompilerABI.cpp.o -c /usr/share/cmake-3.22/Modules/CMakeCXXCompilerABI.cpp
Using built-in specs.
COLLECT_GCC=/usr/bin/c++
OFFLOAD_TARGET_NAMES=nvptx-none:amdgcn-amdhsa
OFFLOAD_TARGET_DEFAULT=1
Target: x86_64-linux-gnu
Configured with: ../src/configure -v --with-pkgversion='Ubuntu 11.2.0-19ubuntu1' --with-bugurl=file:///usr/share/doc/gcc-11/README.Bugs --enable-languages=c,ada,c++,go,brig,d,fortran,objc,obj-c++,m2 --prefix=/usr --with-gcc-major-version-only --program-suffix=-11 --program-prefix=x86_64-linux-gnu- --enable-shared --enable-linker-build-id --libexecdir=/usr/lib --without-included-gettext --enable-threads=posix --libdir=/usr/lib --enable-nls --enable-bootstrap --enable-clocale=gnu --enable-libstdcxx-debug --enable-libstdcxx-time=yes --with-default-libstdcxx-abi=new --enable-gnu-unique-object --disable-vtable-verify --enable-plugin --enable-default-pie --with-system-zlib --enable-libphobos-checking=release --with-target-system-zlib=auto --enable-objc-gc=auto --enable-multiarch --disable-werror --enable-cet --with-arch-32=i686 --with-abi=m64 --with-multilib-list=m32,m64,mx32 --enable-multilib --with-tune=generic --enable-offload-targets=nvptx-none=/build/gcc-11-gBFGDP/gcc-11-11.2.0/debian/tmp-nvptx/usr,amdgcn-amdhsa=/build/gcc-11-gBFGDP/gcc-11-11.2.0/debian/tmp-gcn/usr --without-cuda-driver --enable-checking=release --build=x86_64-linux-gnu --host=x86_64-linux-gnu --target=x86_64-linux-gnu --with-build-config=bootstrap-lto-lean --enable-link-serialization=2
Thread model: posix
Supported LTO compression algorithms: zlib zstd
gcc version 11.2.0 (Ubuntu 11.2.0-19ubuntu1) 
COLLECT_GCC_OPTIONS='-std=c++11' '-v' '-o' 'CMakeFiles/cmTC_e79d6.dir/CMakeCXXCompilerABI.cpp.o' '-c' '-shared-libgcc' '-mtune=generic' '-march=x86-64' '-dumpdir' 'CMakeFiles/cmTC_e79d6.dir/'
 /usr/lib/gcc/x86_64-linux-gnu/11/cc1plus -quiet -v -imultiarch x86_64-linux-gnu -D_GNU_SOURCE /usr/share/cmake-3.22/Modules/CMakeCXXCompilerABI.cpp -quiet -dumpdir CMakeFiles/cmTC_e79d6.dir/ -dumpbase CMakeCXXCompilerABI.cpp.cpp -dumpbase-ext .cpp -mtune=generic -march=x86-64 -std=c++11 -version -fasynchronous-unwind-tables -fstack-protector-strong -Wformat -Wformat-security -fstack-clash-protection -fcf-protection -o /tmp/cc7SgWVn.s
GNU C++11 (Ubuntu 11.2.0-19ubuntu1) version 11.2.0 (x86_64-linux-gnu)
	compiled by GNU C version 11.2.0, GMP version 6.2.1, MPFR version 4.1.0, MPC version 1.2.1, isl version isl-0.24-GMP

GGC heuristics: --param ggc-min-expand=100 --param ggc-min-heapsize=131072
ignoring duplicate directory "/usr/include/x86_64-linux-gnu/c++/11"
ignoring nonexistent directory "/usr/local/include/x86_64-linux-gnu"
ignoring nonexistent directory "/usr/lib/gcc/x86_64-linux-gnu/11/include-fixed"
ignoring nonexistent directory "/usr/lib/gcc/x86_64-linux-gnu/11/../../../../x86_64-linux-gnu/include"
#include "..." search starts here:
#include <...> search starts here:
 /usr/include/c++/11
 /usr/include/x86_64-linux-gnu/c++/11
 /usr/include/c++/11/backward
 /usr/lib/gcc/x86_64-linux-gnu/11/include
 /usr/local/include
 /usr/include/x86_64-linux-gnu
 /usr/include
End of search list.
GNU C++11 (Ubuntu 11.2.0-19ubuntu1) version 11.2.0 (x86_64-linux-gnu)
	compiled by GNU C version 11.2.0, GMP version 6.2.1, MPFR version 4.1.0, MPC version 1.2.1, isl version isl-0.24-GMP

GGC heuristics: --param ggc-min-expand=100 --param ggc-min-heapsize=131072
Compiler executable checksum: 619370d92bf6efc3023abfa7394da0c1
COLLECT_GCC_OPTIONS='-std=c++11' '-v' '-o' 'CMakeFiles/cmTC_e79d6.dir/CMakeCXXCompilerABI.cpp.o' '-c' '-shared-libgcc' '-mtune=generic' '-march=x86-64' '-dumpdir' 'CMakeFiles/cmTC_e79d6.dir/'
 as -v --64 -o CMakeFiles/cmTC_e79d6.dir/CMakeCXXCompilerABI.cpp.o /tmp/cc7SgWVn.s
GNU assembler version 2.38 (x86_64-linux-gnu) using BFD version (GNU Binutils for Ubuntu) 2.38
COMPILER_PATH=/usr/lib/gcc/x86_64-linux-gnu/11/:/usr/lib/gcc/x86_64-linux-gnu/11/:/usr/lib/gcc/x86_64-linux-gnu/:/usr/lib/gcc/x86_64-linux-gnu/11/:/usr/lib/gcc/x86_64-linux-gnu/
LIBRARY_PATH=/usr/lib/gcc/x86_64-linux-gnu/11/:/usr/lib/gcc/x86_64-linux-gnu/11/../../../x86_64-linux-gnu/:/usr/lib/gcc/x86_64-linux-gnu/11/../../../../lib/:/lib/x86_64-linux-gnu/:/lib/../lib/:/usr/lib/x86_64-linux-gnu/:/usr/lib/../lib/:/usr/lib/gcc/x86_64-linux-gnu/11/../../../:/lib/:/usr/lib/
COLLECT_GCC_OPTIONS='-std=c++11' '-v' '-o' 'CMakeFiles/cmTC_e79d6.dir/CMakeCXXCompilerABI.cpp.o' '-c' '-shared-libgcc' '-mtune=generic' '-march=x86-64' '-dumpdir' 'CMakeFiles/cmTC_e79d6.dir/CMakeCXXCompilerABI.cpp.'
c++: warning: {CMAKE_CXX_FLAGS}: linker input file unused because linking not done
c++: error: {CMAKE_CXX_FLAGS}: linker input file not found: No such file or directory
gmake[1]: *** [CMakeFiles/cmTC_e79d6.dir/build.make:78: CMakeFiles/cmTC_e79d6.dir/CMakeCXXCompilerABI.cpp.o] Error 1
gmake[1]: *** Deleting file 'CMakeFiles/cmTC_e79d6.dir/CMakeCXXCompilerABI.cpp.o'
gmake[1]: Leaving directory '/home/rchintal/Raj_Workspace/mycppproject/CppProject/CMakeFiles/CMakeTmp'
gmake: *** [Makefile:127: cmTC_e79d6/fast] Error 2




Determining if the CXX compiler works failed with the following output:
Change Dir: /home/rchintal/Raj_Workspace/mycppproject/CppProject/CMakeFiles/CMakeTmp

Run Build Command(s):/usr/bin/gmake -f Makefile cmTC_0e102/fast && /usr/bin/gmake  -f CMakeFiles/cmTC_0e102.dir/build.make CMakeFiles/cmTC_0e102.dir/build
gmake[1]: Entering directory '/home/rchintal/Raj_Workspace/mycppproject/CppProject/CMakeFiles/CMakeTmp'
Building CXX object CMakeFiles/cmTC_0e102.dir/testCXXCompiler.cxx.o
/usr/bin/c++   {CMAKE_CXX_FLAGS} -std=c++11  -o CMakeFiles/cmTC_0e102.dir/testCXXCompiler.cxx.o -c /home/rchintal/Raj_Workspace/mycppproject/CppProject/CMakeFiles/CMakeTmp/testCXXCompiler.cxx
c++: warning: {CMAKE_CXX_FLAGS}: linker input file unused because linking not done
c++: error: {CMAKE_CXX_FLAGS}: linker input file not found: No such file or directory
gmake[1]: *** [CMakeFiles/cmTC_0e102.dir/build.make:78: CMakeFiles/cmTC_0e102.dir/testCXXCompiler.cxx.o] Error 1
gmake[1]: *** Deleting file 'CMakeFiles/cmTC_0e102.dir/testCXXCompiler.cxx.o'
gmake[1]: Leaving directory '/home/rchintal/Raj_Workspace/mycppproject/CppProject/CMakeFiles/CMakeTmp'
gmake: *** [Makefile:127: cmTC_0e102/fast] Error 2



